<?xml version="1.0" encoding="UTF-8"?>
<!-- Generated by org.testng.reporters.JUnitXMLReporter -->
<testsuite ignored="0" hostname="LAPTOP-SJJG0JK4" failures="0" tests="6" name="Test1" time="28.909" errors="0" timestamp="2025-02-12T16:16:30 IST">
  <testcase classname="com.Vtiger.BaseClassUtility.BaseClassUtility" name="@AfterMethod ConfigAfterMethod" time="0.25">
    <failure type="org.openqa.selenium.JavascriptException" message="Cyclic object value
Build info: version: &amp;apos;4.28.1&amp;apos;, revision: &amp;apos;73f5ad48a2&amp;apos;
System info: os.name: &amp;apos;Windows 11&amp;apos;, os.arch: &amp;apos;amd64&amp;apos;, os.version: &amp;apos;10.0&amp;apos;, java.version: &amp;apos;22.0.1&amp;apos;
Driver info: org.openqa.selenium.firefox.FirefoxDriver
Command: [03c07187-c59b-4913-8be9-153ac41e34e7, actions {actions=[org.openqa.selenium.interactions.Sequence@1ebb2af4]}]
Capabilities {acceptInsecureCerts: true, browserName: firefox, browserVersion: 135.0, moz:accessibilityChecks: false, moz:buildID: 20250130195129, moz:debuggerAddress: 127.0.0.1:5678, moz:geckodriverVersion: 0.35.0, moz:headless: false, moz:platformVersion: 10.0, moz:processID: 2348, moz:profile: C:\Users\SANIKA~1\AppData\L..., moz:shutdownTimeout: 60000, moz:webdriverClick: true, moz:windowless: false, pageLoadStrategy: normal, platformName: windows, proxy: Proxy(), se:cdp: ws://127.0.0.1:5678/devtool..., se:cdpVersion: 85.0, setWindowRect: true, strictFileInteractability: false, timeouts: {implicit: 0, pageLoad: 300000, script: 30000}, unhandledPromptBehavior: dismiss and notify, userAgent: Mozilla/5.0 (Windows NT 10....}
Session ID: 03c07187-c59b-4913-8be9-153ac41e34e7">
      <![CDATA[org.openqa.selenium.JavascriptException: Cyclic object value
Build info: version: '4.28.1', revision: '73f5ad48a2'
System info: os.name: 'Windows 11', os.arch: 'amd64', os.version: '10.0', java.version: '22.0.1'
Driver info: org.openqa.selenium.firefox.FirefoxDriver
Command: [03c07187-c59b-4913-8be9-153ac41e34e7, actions {actions=[org.openqa.selenium.interactions.Sequence@1ebb2af4]}]
Capabilities {acceptInsecureCerts: true, browserName: firefox, browserVersion: 135.0, moz:accessibilityChecks: false, moz:buildID: 20250130195129, moz:debuggerAddress: 127.0.0.1:5678, moz:geckodriverVersion: 0.35.0, moz:headless: false, moz:platformVersion: 10.0, moz:processID: 2348, moz:profile: C:\Users\SANIKA~1\AppData\L..., moz:shutdownTimeout: 60000, moz:webdriverClick: true, moz:windowless: false, pageLoadStrategy: normal, platformName: windows, proxy: Proxy(), se:cdp: ws://127.0.0.1:5678/devtool..., se:cdpVersion: 85.0, setWindowRect: true, strictFileInteractability: false, timeouts: {implicit: 0, pageLoad: 300000, script: 30000}, unhandledPromptBehavior: dismiss and notify, userAgent: Mozilla/5.0 (Windows NT 10....}
Session ID: 03c07187-c59b-4913-8be9-153ac41e34e7
at org.openqa.selenium.remote.ErrorCodec.decode(ErrorCodec.java:167)
at org.openqa.selenium.remote.codec.w3c.W3CHttpResponseCodec.decode(W3CHttpResponseCodec.java:138)
at org.openqa.selenium.remote.codec.w3c.W3CHttpResponseCodec.decode(W3CHttpResponseCodec.java:50)
at org.openqa.selenium.remote.HttpCommandExecutor.execute(HttpCommandExecutor.java:215)
at org.openqa.selenium.remote.service.DriverCommandExecutor.invokeExecute(DriverCommandExecutor.java:216)
at org.openqa.selenium.remote.service.DriverCommandExecutor.execute(DriverCommandExecutor.java:174)
at org.openqa.selenium.remote.RemoteWebDriver.execute(RemoteWebDriver.java:545)
at org.openqa.selenium.remote.RemoteWebDriver.perform(RemoteWebDriver.java:631)
at org.openqa.selenium.interactions.Actions$BuiltAction.perform(Actions.java:616)
at org.openqa.selenium.interactions.Actions.perform(Actions.java:581)
at com.Vtiger.ObjectRepository.HomePage.getLogout(HomePage.java:56)
at com.Vtiger.BaseClassUtility.BaseClassUtility.ConfigAfterMethod(BaseClassUtility.java:72)
at java.base/java.util.ArrayList.forEach(ArrayList.java:1597)
at java.base/java.util.concurrent.FutureTask.run(FutureTask.java:317)
at java.base/java.util.concurrent.ThreadPoolExecutor.runWorker(ThreadPoolExecutor.java:1144)
at java.base/java.util.concurrent.ThreadPoolExecutor$Worker.run(ThreadPoolExecutor.java:642)
at java.base/java.lang.Thread.run(Thread.java:1570)
... Removed 23 stack frames]]>
    </failure>
  </testcase> <!-- @AfterMethod ConfigAfterMethod -->
  <testcase classname="com.Vtiger.BaseClassUtility.BaseClassUtility" name="@BeforeMethod ConfigBeforeMethod" time="0.0">
    <skipped/>
  </testcase> <!-- @BeforeMethod ConfigBeforeMethod -->
  <testcase classname="com.Vtiger.BaseClassUtility.BaseClassUtility" name="@AfterMethod ConfigAfterMethod" time="0.0">
    <skipped/>
  </testcase> <!-- @AfterMethod ConfigAfterMethod -->
  <testcase classname="com.Vtiger.BaseClassUtility.BaseClassUtility" name="@BeforeMethod ConfigBeforeMethod" time="0.0">
    <skipped/>
  </testcase> <!-- @BeforeMethod ConfigBeforeMethod -->
  <testcase classname="com.Vtiger.BaseClassUtility.BaseClassUtility" name="@AfterMethod ConfigAfterMethod" time="0.0">
    <skipped/>
  </testcase> <!-- @AfterMethod ConfigAfterMethod -->
  <testcase classname="com.Vtiger.BaseClassUtility.BaseClassUtility" name="@AfterClass ConfigAfterClass" time="0.0">
    <skipped/>
  </testcase> <!-- @AfterClass ConfigAfterClass -->
  <testcase classname="com.Vtiger.BaseClassUtility.BaseClassUtility" name="@AfterMethod ConfigAfterMethod" time="0.195">
    <failure type="org.openqa.selenium.JavascriptException" message="Cyclic object value
Build info: version: &amp;apos;4.28.1&amp;apos;, revision: &amp;apos;73f5ad48a2&amp;apos;
System info: os.name: &amp;apos;Windows 11&amp;apos;, os.arch: &amp;apos;amd64&amp;apos;, os.version: &amp;apos;10.0&amp;apos;, java.version: &amp;apos;22.0.1&amp;apos;
Driver info: org.openqa.selenium.firefox.FirefoxDriver
Command: [139fc983-a83e-4cdf-ab8c-2669b60e21c5, actions {actions=[org.openqa.selenium.interactions.Sequence@31398bc8]}]
Capabilities {acceptInsecureCerts: true, browserName: firefox, browserVersion: 135.0, moz:accessibilityChecks: false, moz:buildID: 20250130195129, moz:debuggerAddress: 127.0.0.1:24995, moz:geckodriverVersion: 0.35.0, moz:headless: false, moz:platformVersion: 10.0, moz:processID: 21704, moz:profile: C:\Users\SANIKA~1\AppData\L..., moz:shutdownTimeout: 60000, moz:webdriverClick: true, moz:windowless: false, pageLoadStrategy: normal, platformName: windows, proxy: Proxy(), se:cdp: ws://127.0.0.1:24995/devtoo..., se:cdpVersion: 85.0, setWindowRect: true, strictFileInteractability: false, timeouts: {implicit: 0, pageLoad: 300000, script: 30000}, unhandledPromptBehavior: dismiss and notify, userAgent: Mozilla/5.0 (Windows NT 10....}
Session ID: 139fc983-a83e-4cdf-ab8c-2669b60e21c5">
      <![CDATA[org.openqa.selenium.JavascriptException: Cyclic object value
Build info: version: '4.28.1', revision: '73f5ad48a2'
System info: os.name: 'Windows 11', os.arch: 'amd64', os.version: '10.0', java.version: '22.0.1'
Driver info: org.openqa.selenium.firefox.FirefoxDriver
Command: [139fc983-a83e-4cdf-ab8c-2669b60e21c5, actions {actions=[org.openqa.selenium.interactions.Sequence@31398bc8]}]
Capabilities {acceptInsecureCerts: true, browserName: firefox, browserVersion: 135.0, moz:accessibilityChecks: false, moz:buildID: 20250130195129, moz:debuggerAddress: 127.0.0.1:24995, moz:geckodriverVersion: 0.35.0, moz:headless: false, moz:platformVersion: 10.0, moz:processID: 21704, moz:profile: C:\Users\SANIKA~1\AppData\L..., moz:shutdownTimeout: 60000, moz:webdriverClick: true, moz:windowless: false, pageLoadStrategy: normal, platformName: windows, proxy: Proxy(), se:cdp: ws://127.0.0.1:24995/devtoo..., se:cdpVersion: 85.0, setWindowRect: true, strictFileInteractability: false, timeouts: {implicit: 0, pageLoad: 300000, script: 30000}, unhandledPromptBehavior: dismiss and notify, userAgent: Mozilla/5.0 (Windows NT 10....}
Session ID: 139fc983-a83e-4cdf-ab8c-2669b60e21c5
at org.openqa.selenium.remote.ErrorCodec.decode(ErrorCodec.java:167)
at org.openqa.selenium.remote.codec.w3c.W3CHttpResponseCodec.decode(W3CHttpResponseCodec.java:138)
at org.openqa.selenium.remote.codec.w3c.W3CHttpResponseCodec.decode(W3CHttpResponseCodec.java:50)
at org.openqa.selenium.remote.HttpCommandExecutor.execute(HttpCommandExecutor.java:215)
at org.openqa.selenium.remote.service.DriverCommandExecutor.invokeExecute(DriverCommandExecutor.java:216)
at org.openqa.selenium.remote.service.DriverCommandExecutor.execute(DriverCommandExecutor.java:174)
at org.openqa.selenium.remote.RemoteWebDriver.execute(RemoteWebDriver.java:545)
at org.openqa.selenium.remote.RemoteWebDriver.perform(RemoteWebDriver.java:631)
at org.openqa.selenium.interactions.Actions$BuiltAction.perform(Actions.java:616)
at org.openqa.selenium.interactions.Actions.perform(Actions.java:581)
at com.Vtiger.ObjectRepository.HomePage.getLogout(HomePage.java:56)
at com.Vtiger.BaseClassUtility.BaseClassUtility.ConfigAfterMethod(BaseClassUtility.java:72)
at java.base/java.util.ArrayList.forEach(ArrayList.java:1597)
at java.base/java.util.concurrent.FutureTask.run(FutureTask.java:317)
at java.base/java.util.concurrent.ThreadPoolExecutor.runWorker(ThreadPoolExecutor.java:1144)
at java.base/java.util.concurrent.ThreadPoolExecutor$Worker.run(ThreadPoolExecutor.java:642)
at java.base/java.lang.Thread.run(Thread.java:1570)
... Removed 23 stack frames]]>
    </failure>
  </testcase> <!-- @AfterMethod ConfigAfterMethod -->
  <testcase classname="com.Vtiger.BaseClassUtility.BaseClassUtility" name="@BeforeMethod ConfigBeforeMethod" time="0.0">
    <skipped/>
  </testcase> <!-- @BeforeMethod ConfigBeforeMethod -->
  <testcase classname="com.Vtiger.BaseClassUtility.BaseClassUtility" name="@AfterMethod ConfigAfterMethod" time="0.0">
    <skipped/>
  </testcase> <!-- @AfterMethod ConfigAfterMethod -->
  <testcase classname="com.Vtiger.BaseClassUtility.BaseClassUtility" name="@BeforeMethod ConfigBeforeMethod" time="0.0">
    <skipped/>
  </testcase> <!-- @BeforeMethod ConfigBeforeMethod -->
  <testcase classname="com.Vtiger.BaseClassUtility.BaseClassUtility" name="@AfterMethod ConfigAfterMethod" time="0.0">
    <skipped/>
  </testcase> <!-- @AfterMethod ConfigAfterMethod -->
  <testcase classname="com.Vtiger.BaseClassUtility.BaseClassUtility" name="@AfterClass ConfigAfterClass" time="0.0">
    <skipped/>
  </testcase> <!-- @AfterClass ConfigAfterClass -->
  <testcase classname="com.CRM.Practice.Classes.PracticeForTestNGSampleClass" name="sampleMrthod4" time="0.005"/>
  <testcase classname="com.CRM.Practice.Classes.PracticeForTestNGSampleClass" name="sampleMrthod5" time="0.01"/>
  <testcase classname="com.CRM.Practice.Classes.PracticeForTestNGSampleClass" name="sampleMrthod6" time="0.003"/>
  <testcase classname="com.CRM.Practice.Classes.PracticeForTestNG" name="sampleMrthod1" time="0.003"/>
  <testcase classname="com.CRM.Practice.Classes.PracticeForTestNG" name="sampleMrthod2" time="0.007"/>
  <testcase classname="com.CRM.Practice.Classes.PracticeForTestNG" name="sampleMrthod3" time="0.004"/>
</testsuite> <!-- Test1 -->
